<?xml version="1.0" encoding="UTF-8"?>
<!-- Generated by org.testng.reporters.JUnitReportReporter -->
<testsuite skipped="0" hostname="DESKTOP-7L6771B" name="rediffTest.loginWithMultipleDataTest" tests="2" failures="0" timestamp="2020-03-28T20:27:28 IST" time="121.061" errors="0">
  <testcase name="loginPageTest" time="46.952" classname="rediffTest.loginWithMultipleDataTest"/>
  <system-out/>
  <testcase name="loginPageTest" time="74.109" classname="rediffTest.loginWithMultipleDataTest"/>
  <system-out/>
</testsuite> <!-- rediffTest.loginWithMultipleDataTest -->
