<?xml version="1.0" encoding="UTF-8"?>
<!-- Generated by org.testng.reporters.JUnitReportReporter -->
<testsuite skipped="0" hostname="DESKTOP-7L6771B" name="rediffTest.loginTest" tests="1" failures="0" timestamp="2020-03-28T22:32:20 IST" time="67.295" errors="0">
  <testcase name="loginPageTest" time="67.295" classname="rediffTest.loginTest"/>
  <system-out/>
</testsuite> <!-- rediffTest.loginTest -->
