<?xml version="1.0" encoding="UTF-8"?>
<!-- Generated by org.testng.reporters.JUnitReportReporter -->
<testsuite skipped="0" hostname="DESKTOP-7L6771B" name="rediffTest.RediffNavbarTest" tests="1" failures="0" timestamp="2020-03-29T19:18:46 IST" time="27.482" errors="0">
  <testcase name="loginPageTest" time="27.482" classname="rediffTest.RediffNavbarTest"/>
  <system-out/>
</testsuite> <!-- rediffTest.RediffNavbarTest -->
