<?xml version="1.0" encoding="UTF-8"?>
<!-- Generated by org.testng.reporters.JUnitReportReporter -->
<testsuite skipped="0" hostname="DESKTOP-7L6771B" name="rediffTest.loginWithMultipleDataTest" tests="2" failures="0" timestamp="2020-03-30T19:32:07 IST" time="268.021" errors="0">
  <testcase name="loginPageTest" time="104.648" classname="rediffTest.loginWithMultipleDataTest"/>
  <system-out/>
  <testcase name="loginPageTest" time="163.373" classname="rediffTest.loginWithMultipleDataTest"/>
  <system-out/>
</testsuite> <!-- rediffTest.loginWithMultipleDataTest -->
