<?xml version="1.0" encoding="UTF-8"?>
<!-- Generated by org.testng.reporters.JUnitReportReporter -->
<testsuite skipped="0" hostname="DESKTOP-7L6771B" name="rediffTest.loginTest" tests="1" failures="0" timestamp="2020-04-17T19:50:01 IST" time="37.952" errors="0">
  <testcase name="loginPageTest" time="37.952" classname="rediffTest.loginTest"/>
  <system-out/>
</testsuite> <!-- rediffTest.loginTest -->
