<?xml version="1.0" encoding="UTF-8"?>
<!-- Generated by org.testng.reporters.JUnitReportReporter -->
<testsuite skipped="0" hostname="DESKTOP-7L6771B" name="rediffTest.loginWithMultipleDataTest" tests="2" failures="0" timestamp="2020-04-17T19:50:01 IST" time="67.543" errors="0">
  <testcase name="multipleLoginTest" time="36.920" classname="rediffTest.loginWithMultipleDataTest"/>
  <system-out/>
  <testcase name="multipleLoginTest" time="30.623" classname="rediffTest.loginWithMultipleDataTest"/>
  <system-out/>
</testsuite> <!-- rediffTest.loginWithMultipleDataTest -->
